{"contracts/ContractDeployer.sol":{"l":{"36":1,"37":1,"39":1,"48":7,"49":5,"51":5,"53":3,"54":3,"56":3,"58":3,"59":3,"61":3,"63":3,"65":3,"66":3,"68":3,"72":3,"74":3,"76":1,"80":2,"84":1,"93":5,"97":1,"101":1,"105":3},"path":"/Users/et/Work/jmcx/sealsc/github/smart-contracts/solidity-contracts/contract-deployer/contracts/ContractDeployer.sol","s":{"1":1,"2":1,"3":1,"4":7,"5":5,"6":5,"7":3,"8":3,"9":3,"10":3,"11":3,"12":3,"13":3,"14":3,"15":3,"16":3,"17":3,"18":1,"19":2,"20":1,"21":5,"22":1,"23":1,"24":3},"b":{"1":[5,2],"2":[3,2],"3":[1,2]},"f":{"1":1,"2":1,"3":7,"4":2,"5":1,"6":5,"7":1,"8":1,"9":3},"fnMap":{"1":{"name":"constructor","line":30,"loc":{"start":{"line":30,"column":4},"end":{"line":30,"column":60}}},"2":{"name":"deployContract","line":35,"loc":{"start":{"line":35,"column":4},"end":{"line":40,"column":4}}},"3":{"name":"deployPresetContract","line":42,"loc":{"start":{"line":42,"column":4},"end":{"line":77,"column":4}}},"4":{"name":"setDeployApprover","line":79,"loc":{"start":{"line":79,"column":4},"end":{"line":81,"column":4}}},"5":{"name":"addPresetContract","line":83,"loc":{"start":{"line":83,"column":4},"end":{"line":90,"column":4}}},"6":{"name":"setPresetContractDisableFlag","line":92,"loc":{"start":{"line":92,"column":4},"end":{"line":94,"column":4}}},"7":{"name":"updatePresetContractName","line":96,"loc":{"start":{"line":96,"column":4},"end":{"line":98,"column":4}}},"8":{"name":"updatePresetContractFee","line":100,"loc":{"start":{"line":100,"column":4},"end":{"line":102,"column":4}}},"9":{"name":"presetContractCount","line":104,"loc":{"start":{"line":104,"column":4},"end":{"line":106,"column":4}}}},"statementMap":{"1":{"start":{"line":36,"column":8},"end":{"line":36,"column":73}},"2":{"start":{"line":37,"column":8},"end":{"line":37,"column":65}},"3":{"start":{"line":39,"column":8},"end":{"line":39,"column":26}},"4":{"start":{"line":48,"column":8},"end":{"line":48,"column":70}},"5":{"start":{"line":49,"column":8},"end":{"line":49,"column":56}},"6":{"start":{"line":51,"column":8},"end":{"line":51,"column":77}},"7":{"start":{"line":53,"column":8},"end":{"line":53,"column":72}},"8":{"start":{"line":54,"column":8},"end":{"line":54,"column":84}},"9":{"start":{"line":56,"column":8},"end":{"line":56,"column":116}},"10":{"start":{"line":58,"column":8},"end":{"line":58,"column":70}},"11":{"start":{"line":59,"column":8},"end":{"line":59,"column":69}},"12":{"start":{"line":61,"column":8},"end":{"line":61,"column":120}},"13":{"start":{"line":63,"column":8},"end":{"line":63,"column":61}},"14":{"start":{"line":65,"column":8},"end":{"line":65,"column":68}},"15":{"start":{"line":66,"column":8},"end":{"line":66,"column":93}},"16":{"start":{"line":72,"column":8},"end":{"line":72,"column":57}},"17":{"start":{"line":74,"column":8},"end":{"line":74,"column":70}},"18":{"start":{"line":76,"column":8},"end":{"line":76,"column":26}},"19":{"start":{"line":80,"column":8},"end":{"line":80,"column":33}},"20":{"start":{"line":84,"column":8},"end":{"line":84,"column":3168}},"21":{"start":{"line":93,"column":8},"end":{"line":93,"column":44}},"22":{"start":{"line":97,"column":8},"end":{"line":97,"column":33}},"23":{"start":{"line":101,"column":8},"end":{"line":101,"column":31}},"24":{"start":{"line":105,"column":8},"end":{"line":105,"column":29}}},"branchMap":{"1":{"line":48,"type":"if","locations":[{"start":{"line":48,"column":8},"end":{"line":48,"column":8}},{"start":{"line":48,"column":8},"end":{"line":48,"column":8}}]},"2":{"line":51,"type":"if","locations":[{"start":{"line":51,"column":8},"end":{"line":51,"column":8}},{"start":{"line":51,"column":8},"end":{"line":51,"column":8}}]},"3":{"line":74,"type":"if","locations":[{"start":{"line":74,"column":8},"end":{"line":74,"column":8}},{"start":{"line":74,"column":8},"end":{"line":74,"column":8}}]}}}}