{"contracts/interface/IUniswapConnector.sol":{"l":{},"path":"/Users/et/Work/jmcx/sealsc/github/smart-contracts/solidity-contracts/uniswap-connector/contracts/interface/IUniswapConnector.sol","s":{},"b":{},"f":{},"fnMap":{},"statementMap":{},"branchMap":{}},"contracts/UniswapConnector.sol":{"l":{"22":20,"23":20,"27":1,"28":1,"29":1,"31":1,"40":6,"41":6,"43":6,"44":6,"45":6,"47":6,"48":2,"49":1,"50":0,"52":1,"54":1,"57":2,"60":6,"64":4,"65":4,"67":4,"68":4,"70":4,"71":4,"73":4,"74":4,"75":4,"76":4,"78":4,"79":2,"80":2,"81":2,"84":4,"85":4,"88":4,"89":1,"90":0,"92":1,"94":3,"97":4,"106":10,"107":4,"110":8,"111":8,"112":4,"116":2,"117":1,"120":1},"path":"/Users/et/Work/jmcx/sealsc/github/smart-contracts/solidity-contracts/uniswap-connector/contracts/UniswapConnector.sol","s":{"1":20,"2":1,"3":1,"4":1,"5":1,"6":6,"7":6,"8":6,"9":6,"10":6,"11":6,"12":2,"13":1,"14":0,"15":1,"16":1,"17":2,"18":6,"19":4,"20":4,"21":4,"22":4,"23":4,"24":4,"25":4,"26":4,"27":4,"28":4,"29":2,"30":2,"31":2,"32":4,"33":4,"34":4,"35":1,"36":0,"37":1,"38":3,"39":4,"40":10,"41":4,"42":8,"43":8,"44":4,"45":2,"46":1,"47":1},"b":{"1":[20,0],"2":[2,4],"3":[1,1],"4":[0,1],"5":[2,2],"6":[1,3],"7":[0,1],"8":[4,6],"9":[2,2],"10":[1,1]},"f":{"1":20,"2":1,"3":6,"4":4,"5":10,"6":2},"fnMap":{"1":{"name":"validLP","line":21,"loc":{"start":{"line":21,"column":4},"end":{"line":24,"column":4}}},"2":{"name":"constructor","line":26,"loc":{"start":{"line":26,"column":4},"end":{"line":32,"column":4}}},"3":{"name":"flashRemoveLP","line":38,"loc":{"start":{"line":34,"column":4},"end":{"line":61,"column":4}}},"4":{"name":"flashRemoveLPForOneToken","line":63,"loc":{"start":{"line":63,"column":4},"end":{"line":98,"column":4}}},"5":{"name":"flashGetLP","line":104,"loc":{"start":{"line":100,"column":4},"end":{"line":113,"column":4}}},"6":{"name":"lpToPair","line":115,"loc":{"start":{"line":115,"column":4},"end":{"line":121,"column":4}}}},"statementMap":{"1":{"start":{"line":22,"column":8},"end":{"line":22,"column":68}},"2":{"start":{"line":27,"column":8},"end":{"line":27,"column":46}},"3":{"start":{"line":28,"column":8},"end":{"line":28,"column":47}},"4":{"start":{"line":29,"column":8},"end":{"line":29,"column":27}},"5":{"start":{"line":31,"column":8},"end":{"line":31,"column":53}},"6":{"start":{"line":40,"column":8},"end":{"line":40,"column":46}},"7":{"start":{"line":41,"column":8},"end":{"line":41,"column":46}},"8":{"start":{"line":43,"column":8},"end":{"line":43,"column":71}},"9":{"start":{"line":44,"column":8},"end":{"line":44,"column":48}},"10":{"start":{"line":45,"column":8},"end":{"line":45,"column":76}},"11":{"start":{"line":47,"column":8},"end":{"line":47,"column":1673}},"12":{"start":{"line":48,"column":12},"end":{"line":48,"column":1709}},"13":{"start":{"line":49,"column":16},"end":{"line":49,"column":1758}},"14":{"start":{"line":50,"column":20},"end":{"line":50,"column":50}},"15":{"start":{"line":52,"column":16},"end":{"line":52,"column":37}},"16":{"start":{"line":54,"column":16},"end":{"line":54,"column":74}},"17":{"start":{"line":57,"column":12},"end":{"line":57,"column":70}},"18":{"start":{"line":60,"column":8},"end":{"line":60,"column":33}},"19":{"start":{"line":64,"column":8},"end":{"line":64,"column":46}},"20":{"start":{"line":65,"column":8},"end":{"line":65,"column":46}},"21":{"start":{"line":67,"column":8},"end":{"line":67,"column":88}},"22":{"start":{"line":68,"column":8},"end":{"line":68,"column":104}},"23":{"start":{"line":70,"column":8},"end":{"line":70,"column":34}},"24":{"start":{"line":71,"column":8},"end":{"line":71,"column":29}},"25":{"start":{"line":74,"column":12},"end":{"line":74,"column":36}},"26":{"start":{"line":75,"column":12},"end":{"line":75,"column":57}},"27":{"start":{"line":76,"column":12},"end":{"line":76,"column":36}},"28":{"start":{"line":78,"column":12},"end":{"line":78,"column":2813}},"29":{"start":{"line":79,"column":16},"end":{"line":79,"column":31}},"30":{"start":{"line":80,"column":16},"end":{"line":80,"column":61}},"31":{"start":{"line":81,"column":16},"end":{"line":81,"column":40}},"32":{"start":{"line":84,"column":12},"end":{"line":84,"column":88}},"33":{"start":{"line":85,"column":12},"end":{"line":85,"column":57}},"34":{"start":{"line":88,"column":8},"end":{"line":88,"column":3161}},"35":{"start":{"line":89,"column":12},"end":{"line":89,"column":3209}},"36":{"start":{"line":90,"column":16},"end":{"line":90,"column":53}},"37":{"start":{"line":92,"column":12},"end":{"line":92,"column":40}},"38":{"start":{"line":94,"column":12},"end":{"line":94,"column":80}},"39":{"start":{"line":97,"column":8},"end":{"line":97,"column":29}},"40":{"start":{"line":106,"column":8},"end":{"line":106,"column":3695}},"41":{"start":{"line":107,"column":12},"end":{"line":107,"column":72}},"42":{"start":{"line":110,"column":8},"end":{"line":110,"column":40}},"43":{"start":{"line":111,"column":8},"end":{"line":111,"column":104}},"44":{"start":{"line":112,"column":8},"end":{"line":112,"column":91}},"45":{"start":{"line":116,"column":8},"end":{"line":116,"column":4174}},"46":{"start":{"line":117,"column":12},"end":{"line":117,"column":49}},"47":{"start":{"line":120,"column":8},"end":{"line":120,"column":61}}},"branchMap":{"1":{"line":22,"type":"if","locations":[{"start":{"line":22,"column":8},"end":{"line":22,"column":8}},{"start":{"line":22,"column":8},"end":{"line":22,"column":8}}]},"2":{"line":47,"type":"if","locations":[{"start":{"line":47,"column":8},"end":{"line":47,"column":8}},{"start":{"line":47,"column":8},"end":{"line":47,"column":8}}]},"3":{"line":48,"type":"if","locations":[{"start":{"line":48,"column":12},"end":{"line":48,"column":12}},{"start":{"line":48,"column":12},"end":{"line":48,"column":12}}]},"4":{"line":49,"type":"if","locations":[{"start":{"line":49,"column":16},"end":{"line":49,"column":16}},{"start":{"line":49,"column":16},"end":{"line":49,"column":16}}]},"5":{"line":78,"type":"if","locations":[{"start":{"line":78,"column":12},"end":{"line":78,"column":12}},{"start":{"line":78,"column":12},"end":{"line":78,"column":12}}]},"6":{"line":88,"type":"if","locations":[{"start":{"line":88,"column":8},"end":{"line":88,"column":8}},{"start":{"line":88,"column":8},"end":{"line":88,"column":8}}]},"7":{"line":89,"type":"if","locations":[{"start":{"line":89,"column":12},"end":{"line":89,"column":12}},{"start":{"line":89,"column":12},"end":{"line":89,"column":12}}]},"8":{"line":106,"type":"if","locations":[{"start":{"line":106,"column":8},"end":{"line":106,"column":8}},{"start":{"line":106,"column":8},"end":{"line":106,"column":8}}]},"9":{"line":107,"type":"if","locations":[{"start":{"line":107,"column":12},"end":{"line":107,"column":12}},{"start":{"line":107,"column":12},"end":{"line":107,"column":12}}]},"10":{"line":116,"type":"if","locations":[{"start":{"line":116,"column":8},"end":{"line":116,"column":8}},{"start":{"line":116,"column":8},"end":{"line":116,"column":8}}]}}},"contracts/UniswapConnectorAdmin.sol":{"l":{"16":7,"17":7,"18":2,"21":5,"22":5,"23":1,"25":5,"26":5,"28":3,"29":3,"31":3,"33":3,"34":3,"35":3,"37":3,"39":3,"40":2,"41":1,"45":3,"46":1,"51":1,"55":1,"56":1},"path":"/Users/et/Work/jmcx/sealsc/github/smart-contracts/solidity-contracts/uniswap-connector/contracts/UniswapConnectorAdmin.sol","s":{"1":7,"2":7,"3":2,"4":5,"5":5,"6":1,"7":5,"8":5,"9":3,"10":3,"11":3,"12":3,"13":3,"14":3,"15":3,"16":3,"17":2,"18":1,"19":3,"20":1,"21":1,"22":1,"23":1},"b":{"1":[2,5],"2":[1,4],"3":[3,2],"4":[2,1],"5":[1,1],"6":[1,2]},"f":{"1":7,"2":1,"3":1},"fnMap":{"1":{"name":"addSupportedPair","line":15,"loc":{"start":{"line":15,"column":4},"end":{"line":48,"column":4}}},"2":{"name":"withdrawFee","line":50,"loc":{"start":{"line":50,"column":4},"end":{"line":52,"column":4}}},"3":{"name":"withdrawToken","line":54,"loc":{"start":{"line":54,"column":4},"end":{"line":57,"column":4}}}},"statementMap":{"1":{"start":{"line":16,"column":8},"end":{"line":16,"column":56}},"2":{"start":{"line":17,"column":8},"end":{"line":17,"column":637}},"3":{"start":{"line":18,"column":12},"end":{"line":18,"column":34}},"4":{"start":{"line":21,"column":8},"end":{"line":21,"column":36}},"5":{"start":{"line":22,"column":8},"end":{"line":22,"column":754}},"6":{"start":{"line":23,"column":12},"end":{"line":23,"column":37}},"7":{"start":{"line":25,"column":8},"end":{"line":25,"column":63}},"8":{"start":{"line":26,"column":8},"end":{"line":26,"column":55}},"9":{"start":{"line":28,"column":8},"end":{"line":28,"column":25}},"10":{"start":{"line":29,"column":8},"end":{"line":29,"column":25}},"11":{"start":{"line":31,"column":8},"end":{"line":31,"column":35}},"12":{"start":{"line":33,"column":8},"end":{"line":33,"column":36}},"13":{"start":{"line":34,"column":8},"end":{"line":34,"column":39}},"14":{"start":{"line":35,"column":8},"end":{"line":35,"column":39}},"15":{"start":{"line":37,"column":8},"end":{"line":37,"column":51}},"16":{"start":{"line":39,"column":8},"end":{"line":39,"column":1242}},"17":{"start":{"line":40,"column":12},"end":{"line":40,"column":1288}},"18":{"start":{"line":41,"column":16},"end":{"line":41,"column":63}},"19":{"start":{"line":45,"column":8},"end":{"line":45,"column":1443}},"20":{"start":{"line":46,"column":12},"end":{"line":46,"column":59}},"21":{"start":{"line":51,"column":8},"end":{"line":51,"column":43}},"22":{"start":{"line":55,"column":8},"end":{"line":55,"column":37}},"23":{"start":{"line":56,"column":8},"end":{"line":56,"column":62}}},"branchMap":{"1":{"line":17,"type":"if","locations":[{"start":{"line":17,"column":8},"end":{"line":17,"column":8}},{"start":{"line":17,"column":8},"end":{"line":17,"column":8}}]},"2":{"line":22,"type":"if","locations":[{"start":{"line":22,"column":8},"end":{"line":22,"column":8}},{"start":{"line":22,"column":8},"end":{"line":22,"column":8}}]},"3":{"line":26,"type":"if","locations":[{"start":{"line":26,"column":8},"end":{"line":26,"column":8}},{"start":{"line":26,"column":8},"end":{"line":26,"column":8}}]},"4":{"line":39,"type":"if","locations":[{"start":{"line":39,"column":8},"end":{"line":39,"column":8}},{"start":{"line":39,"column":8},"end":{"line":39,"column":8}}]},"5":{"line":40,"type":"if","locations":[{"start":{"line":40,"column":12},"end":{"line":40,"column":12}},{"start":{"line":40,"column":12},"end":{"line":40,"column":12}}]},"6":{"line":45,"type":"if","locations":[{"start":{"line":45,"column":8},"end":{"line":45,"column":8}},{"start":{"line":45,"column":8},"end":{"line":45,"column":8}}]}}},"contracts/UniswapConnectorData.sol":{"l":{},"path":"/Users/et/Work/jmcx/sealsc/github/smart-contracts/solidity-contracts/uniswap-connector/contracts/UniswapConnectorData.sol","s":{},"b":{},"f":{},"fnMap":{},"statementMap":{},"branchMap":{}},"contracts/UniswapConnectorInternal.sol":{"l":{"14":18,"18":2,"22":2,"30":6,"32":3,"34":3,"37":6,"41":4,"42":4,"52":2,"53":2,"55":2,"56":2,"57":2,"59":2,"61":2,"62":2,"64":2,"68":1,"70":1,"72":1,"73":1,"74":1,"76":1,"78":1,"79":1,"81":1,"85":1,"87":1,"89":1,"90":1,"91":1,"93":1,"94":1,"96":1,"97":1,"99":1,"109":8,"110":5,"112":3,"115":4,"116":2,"117":2,"119":1,"121":1,"122":1,"124":0,"136":4,"138":4,"140":4,"141":2,"143":1,"145":1,"147":0,"150":4,"152":4,"157":10,"158":5,"160":5,"163":10,"165":10,"169":1,"170":1,"171":1,"173":1,"175":1,"179":2,"180":2,"181":2,"183":2,"184":2,"188":1,"189":1,"190":1,"192":1,"193":1,"198":4,"199":1,"201":3,"202":1,"204":2,"210":6,"211":6,"212":0,"215":6},"path":"/Users/et/Work/jmcx/sealsc/github/smart-contracts/solidity-contracts/uniswap-connector/contracts/UniswapConnectorInternal.sol","s":{"1":18,"2":2,"3":2,"4":6,"5":3,"6":3,"7":6,"8":4,"9":4,"10":2,"11":2,"12":2,"13":2,"14":2,"15":2,"16":2,"17":2,"18":2,"19":1,"20":1,"21":1,"22":1,"23":1,"24":1,"25":1,"26":1,"27":1,"28":1,"29":1,"30":1,"31":1,"32":1,"33":1,"34":1,"35":1,"36":1,"37":1,"38":8,"39":5,"40":3,"41":4,"42":2,"43":2,"44":2,"45":1,"46":1,"47":1,"48":1,"49":0,"50":4,"51":4,"52":4,"53":2,"54":2,"55":1,"56":1,"57":1,"58":0,"59":4,"60":4,"61":10,"62":5,"63":5,"64":10,"65":10,"66":1,"67":1,"68":1,"69":1,"70":1,"71":2,"72":2,"73":2,"74":2,"75":2,"76":1,"77":1,"78":1,"79":1,"80":1,"81":4,"82":1,"83":3,"84":1,"85":2,"86":6,"87":6,"88":0,"89":6},"b":{"1":[3,3],"2":[5,3],"3":[3,2],"4":[1,2],"5":[2,2],"6":[1,1],"7":[1,0],"8":[2,2],"9":[1,1],"10":[1,0],"11":[5,5],"12":[1,3],"13":[1,2],"14":[0,6]},"f":{"1":18,"2":2,"3":2,"4":6,"5":4,"6":2,"7":1,"8":1,"9":8,"10":4,"11":10,"12":1,"13":2,"14":1,"15":4,"16":6},"fnMap":{"1":{"name":"_swapDeadline","line":13,"loc":{"start":{"line":13,"column":4},"end":{"line":15,"column":4}}},"2":{"name":"_addLiquidity","line":17,"loc":{"start":{"line":17,"column":4},"end":{"line":19,"column":4}}},"3":{"name":"_addLiquidityETH","line":21,"loc":{"start":{"line":21,"column":4},"end":{"line":23,"column":4}}},"4":{"name":"_removeLiquidity","line":25,"loc":{"start":{"line":25,"column":4},"end":{"line":38,"column":4}}},"5":{"name":"_swapInVal","line":40,"loc":{"start":{"line":40,"column":4},"end":{"line":43,"column":4}}},"6":{"name":"_swapToken","line":45,"loc":{"start":{"line":45,"column":4},"end":{"line":65,"column":4}}},"7":{"name":"_swapETHForToken","line":67,"loc":{"start":{"line":67,"column":4},"end":{"line":82,"column":4}}},"8":{"name":"_swapTokenForETH","line":84,"loc":{"start":{"line":84,"column":4},"end":{"line":100,"column":4}}},"9":{"name":"_prepareToken","line":102,"loc":{"start":{"line":102,"column":4},"end":{"line":126,"column":4}}},"10":{"name":"_getLP","line":128,"loc":{"start":{"line":128,"column":4},"end":{"line":153,"column":4}}},"11":{"name":"_amountOfTokens","line":156,"loc":{"start":{"line":156,"column":4},"end":{"line":166,"column":4}}},"12":{"name":"_swapLPReturnETHForToken","line":168,"loc":{"start":{"line":168,"column":4},"end":{"line":176,"column":4}}},"13":{"name":"_swapLPReturnTokenForToken","line":178,"loc":{"start":{"line":178,"column":4},"end":{"line":185,"column":4}}},"14":{"name":"_swapLPReturnTokenForETH","line":187,"loc":{"start":{"line":187,"column":4},"end":{"line":194,"column":4}}},"15":{"name":"_swapLPReturnedForOneToken","line":196,"loc":{"start":{"line":196,"column":4},"end":{"line":207,"column":4}}},"16":{"name":"_transferERC20WithAmountCheck","line":209,"loc":{"start":{"line":209,"column":4},"end":{"line":216,"column":4}}}},"statementMap":{"1":{"start":{"line":14,"column":8},"end":{"line":14,"column":36}},"2":{"start":{"line":18,"column":8},"end":{"line":18,"column":82}},"3":{"start":{"line":22,"column":8},"end":{"line":22,"column":44}},"4":{"start":{"line":30,"column":8},"end":{"line":30,"column":1038}},"5":{"start":{"line":32,"column":12},"end":{"line":32,"column":116}},"6":{"start":{"line":34,"column":12},"end":{"line":34,"column":123}},"7":{"start":{"line":37,"column":8},"end":{"line":37,"column":33}},"8":{"start":{"line":41,"column":8},"end":{"line":41,"column":65}},"9":{"start":{"line":42,"column":8},"end":{"line":42,"column":108}},"10":{"start":{"line":52,"column":8},"end":{"line":52,"column":67}},"11":{"start":{"line":53,"column":8},"end":{"line":53,"column":64}},"12":{"start":{"line":55,"column":8},"end":{"line":55,"column":48}},"13":{"start":{"line":56,"column":8},"end":{"line":56,"column":25}},"14":{"start":{"line":57,"column":8},"end":{"line":57,"column":26}},"15":{"start":{"line":59,"column":8},"end":{"line":59,"column":84}},"16":{"start":{"line":61,"column":8},"end":{"line":61,"column":66}},"17":{"start":{"line":62,"column":8},"end":{"line":62,"column":52}},"18":{"start":{"line":64,"column":8},"end":{"line":64,"column":34}},"19":{"start":{"line":68,"column":8},"end":{"line":68,"column":67}},"20":{"start":{"line":70,"column":8},"end":{"line":70,"column":69}},"21":{"start":{"line":72,"column":8},"end":{"line":72,"column":48}},"22":{"start":{"line":73,"column":8},"end":{"line":73,"column":30}},"23":{"start":{"line":74,"column":8},"end":{"line":74,"column":27}},"24":{"start":{"line":76,"column":8},"end":{"line":76,"column":50}},"25":{"start":{"line":78,"column":8},"end":{"line":78,"column":66}},"26":{"start":{"line":79,"column":8},"end":{"line":79,"column":52}},"27":{"start":{"line":81,"column":8},"end":{"line":81,"column":34}},"28":{"start":{"line":85,"column":8},"end":{"line":85,"column":50}},"29":{"start":{"line":87,"column":8},"end":{"line":87,"column":64}},"30":{"start":{"line":89,"column":8},"end":{"line":89,"column":48}},"31":{"start":{"line":90,"column":8},"end":{"line":90,"column":26}},"32":{"start":{"line":91,"column":8},"end":{"line":91,"column":31}},"33":{"start":{"line":93,"column":8},"end":{"line":93,"column":70}},"34":{"start":{"line":94,"column":8},"end":{"line":94,"column":107}},"35":{"start":{"line":96,"column":8},"end":{"line":96,"column":49}},"36":{"start":{"line":97,"column":8},"end":{"line":97,"column":52}},"37":{"start":{"line":99,"column":8},"end":{"line":99,"column":34}},"38":{"start":{"line":109,"column":8},"end":{"line":109,"column":4006}},"39":{"start":{"line":110,"column":12},"end":{"line":110,"column":68}},"40":{"start":{"line":112,"column":12},"end":{"line":112,"column":105}},"41":{"start":{"line":115,"column":8},"end":{"line":115,"column":4261}},"42":{"start":{"line":116,"column":12},"end":{"line":116,"column":76}},"43":{"start":{"line":117,"column":12},"end":{"line":117,"column":75}},"44":{"start":{"line":118,"column":15},"end":{"line":118,"column":4493}},"45":{"start":{"line":119,"column":12},"end":{"line":119,"column":62}},"46":{"start":{"line":120,"column":15},"end":{"line":120,"column":4632}},"47":{"start":{"line":121,"column":12},"end":{"line":121,"column":76}},"48":{"start":{"line":122,"column":12},"end":{"line":122,"column":70}},"49":{"start":{"line":124,"column":12},"end":{"line":124,"column":47}},"50":{"start":{"line":136,"column":8},"end":{"line":136,"column":36}},"51":{"start":{"line":138,"column":8},"end":{"line":138,"column":58}},"52":{"start":{"line":140,"column":8},"end":{"line":140,"column":5232}},"53":{"start":{"line":141,"column":12},"end":{"line":141,"column":69}},"54":{"start":{"line":142,"column":15},"end":{"line":142,"column":5379}},"55":{"start":{"line":143,"column":12},"end":{"line":143,"column":62}},"56":{"start":{"line":144,"column":15},"end":{"line":144,"column":5519}},"57":{"start":{"line":145,"column":12},"end":{"line":145,"column":61}},"58":{"start":{"line":147,"column":12},"end":{"line":147,"column":44}},"59":{"start":{"line":150,"column":8},"end":{"line":150,"column":57}},"60":{"start":{"line":152,"column":8},"end":{"line":152,"column":54}},"61":{"start":{"line":157,"column":8},"end":{"line":157,"column":5971}},"62":{"start":{"line":158,"column":12},"end":{"line":158,"column":42}},"63":{"start":{"line":160,"column":12},"end":{"line":160,"column":61}},"64":{"start":{"line":163,"column":8},"end":{"line":163,"column":57}},"65":{"start":{"line":165,"column":8},"end":{"line":165,"column":33}},"66":{"start":{"line":169,"column":8},"end":{"line":169,"column":48}},"67":{"start":{"line":170,"column":8},"end":{"line":170,"column":30}},"68":{"start":{"line":171,"column":8},"end":{"line":171,"column":26}},"69":{"start":{"line":173,"column":8},"end":{"line":173,"column":52}},"70":{"start":{"line":175,"column":8},"end":{"line":175,"column":57}},"71":{"start":{"line":179,"column":8},"end":{"line":179,"column":48}},"72":{"start":{"line":180,"column":8},"end":{"line":180,"column":25}},"73":{"start":{"line":181,"column":8},"end":{"line":181,"column":26}},"74":{"start":{"line":183,"column":8},"end":{"line":183,"column":90}},"75":{"start":{"line":184,"column":8},"end":{"line":184,"column":57}},"76":{"start":{"line":188,"column":8},"end":{"line":188,"column":48}},"77":{"start":{"line":189,"column":8},"end":{"line":189,"column":25}},"78":{"start":{"line":190,"column":8},"end":{"line":190,"column":30}},"79":{"start":{"line":192,"column":8},"end":{"line":192,"column":87}},"80":{"start":{"line":193,"column":8},"end":{"line":193,"column":36}},"81":{"start":{"line":198,"column":8},"end":{"line":198,"column":7495}},"82":{"start":{"line":199,"column":12},"end":{"line":199,"column":65}},"83":{"start":{"line":201,"column":12},"end":{"line":201,"column":7626}},"84":{"start":{"line":202,"column":16},"end":{"line":202,"column":68}},"85":{"start":{"line":204,"column":16},"end":{"line":204,"column":81}},"86":{"start":{"line":210,"column":8},"end":{"line":210,"column":62}},"87":{"start":{"line":211,"column":8},"end":{"line":211,"column":8030}},"88":{"start":{"line":212,"column":12},"end":{"line":212,"column":32}},"89":{"start":{"line":215,"column":8},"end":{"line":215,"column":40}}},"branchMap":{"1":{"line":30,"type":"if","locations":[{"start":{"line":30,"column":8},"end":{"line":30,"column":8}},{"start":{"line":30,"column":8},"end":{"line":30,"column":8}}]},"2":{"line":109,"type":"if","locations":[{"start":{"line":109,"column":8},"end":{"line":109,"column":8}},{"start":{"line":109,"column":8},"end":{"line":109,"column":8}}]},"3":{"line":110,"type":"if","locations":[{"start":{"line":110,"column":12},"end":{"line":110,"column":12}},{"start":{"line":110,"column":12},"end":{"line":110,"column":12}}]},"4":{"line":112,"type":"if","locations":[{"start":{"line":112,"column":12},"end":{"line":112,"column":12}},{"start":{"line":112,"column":12},"end":{"line":112,"column":12}}]},"5":{"line":115,"type":"if","locations":[{"start":{"line":115,"column":8},"end":{"line":115,"column":8}},{"start":{"line":115,"column":8},"end":{"line":115,"column":8}}]},"6":{"line":118,"type":"if","locations":[{"start":{"line":118,"column":15},"end":{"line":118,"column":15}},{"start":{"line":118,"column":15},"end":{"line":118,"column":15}}]},"7":{"line":120,"type":"if","locations":[{"start":{"line":120,"column":15},"end":{"line":120,"column":15}},{"start":{"line":120,"column":15},"end":{"line":120,"column":15}}]},"8":{"line":140,"type":"if","locations":[{"start":{"line":140,"column":8},"end":{"line":140,"column":8}},{"start":{"line":140,"column":8},"end":{"line":140,"column":8}}]},"9":{"line":142,"type":"if","locations":[{"start":{"line":142,"column":15},"end":{"line":142,"column":15}},{"start":{"line":142,"column":15},"end":{"line":142,"column":15}}]},"10":{"line":144,"type":"if","locations":[{"start":{"line":144,"column":15},"end":{"line":144,"column":15}},{"start":{"line":144,"column":15},"end":{"line":144,"column":15}}]},"11":{"line":157,"type":"if","locations":[{"start":{"line":157,"column":8},"end":{"line":157,"column":8}},{"start":{"line":157,"column":8},"end":{"line":157,"column":8}}]},"12":{"line":198,"type":"if","locations":[{"start":{"line":198,"column":8},"end":{"line":198,"column":8}},{"start":{"line":198,"column":8},"end":{"line":198,"column":8}}]},"13":{"line":201,"type":"if","locations":[{"start":{"line":201,"column":12},"end":{"line":201,"column":12}},{"start":{"line":201,"column":12},"end":{"line":201,"column":12}}]},"14":{"line":211,"type":"if","locations":[{"start":{"line":211,"column":8},"end":{"line":211,"column":8}},{"start":{"line":211,"column":8},"end":{"line":211,"column":8}}]}}},"contracts/UniswapConnectorViews.sol":{"l":{"9":1},"path":"/Users/et/Work/jmcx/sealsc/github/smart-contracts/solidity-contracts/uniswap-connector/contracts/UniswapConnectorViews.sol","s":{"1":1},"b":{},"f":{"1":1},"fnMap":{"1":{"name":"supportedPairCount","line":8,"loc":{"start":{"line":8,"column":4},"end":{"line":10,"column":4}}}},"statementMap":{"1":{"start":{"line":9,"column":8},"end":{"line":9,"column":35}}},"branchMap":{}}}