{"contracts/ERC20Minable.sol":{"l":{"34":9,"35":7,"39":4,"43":5,"44":5,"46":3,"47":3,"48":1,"51":3,"52":3,"53":3,"55":3,"59":4,"61":2,"62":3,"63":3,"64":1,"67":2,"69":2,"74":1,"75":1,"77":1,"81":7,"82":5,"83":3,"85":1,"86":1,"87":1,"88":1},"path":"/Users/et/Work/jmcx/sealsc/github/smart-contracts/solidity-contracts/parameterized-erc20/contracts/ERC20Minable.sol","s":{"1":9,"2":4,"3":5,"4":5,"5":3,"6":3,"7":1,"8":3,"9":3,"10":3,"11":3,"12":4,"13":2,"14":3,"15":3,"16":2,"17":2,"18":1,"19":1,"20":7,"21":5,"22":3,"23":1,"24":1,"25":1,"26":1},"b":{"1":[7,2],"2":[3,2],"3":[1,2],"4":[2,2],"5":[1,2],"6":[5,2],"7":[3,2],"8":[1,2]},"f":{"1":9,"2":4,"3":5,"4":4,"5":1,"6":7},"fnMap":{"1":{"name":"onlyMinter","line":33,"loc":{"start":{"line":33,"column":4},"end":{"line":36,"column":4}}},"2":{"name":"setMintEnableStatus","line":38,"loc":{"start":{"line":38,"column":4},"end":{"line":40,"column":4}}},"3":{"name":"addMinter","line":42,"loc":{"start":{"line":42,"column":4},"end":{"line":56,"column":4}}},"4":{"name":"updateMinterFactor","line":58,"loc":{"start":{"line":58,"column":4},"end":{"line":71,"column":4}}},"5":{"name":"removeMinter","line":73,"loc":{"start":{"line":73,"column":4},"end":{"line":78,"column":4}}},"6":{"name":"mint","line":80,"loc":{"start":{"line":80,"column":4},"end":{"line":89,"column":4}}}},"statementMap":{"1":{"start":{"line":34,"column":8},"end":{"line":34,"column":72}},"2":{"start":{"line":39,"column":8},"end":{"line":39,"column":29}},"3":{"start":{"line":43,"column":8},"end":{"line":43,"column":47}},"4":{"start":{"line":44,"column":8},"end":{"line":44,"column":64}},"5":{"start":{"line":46,"column":8},"end":{"line":46,"column":39}},"6":{"start":{"line":47,"column":8},"end":{"line":47,"column":1674}},"7":{"start":{"line":48,"column":12},"end":{"line":48,"column":47}},"8":{"start":{"line":51,"column":8},"end":{"line":51,"column":26}},"9":{"start":{"line":52,"column":8},"end":{"line":52,"column":31}},"10":{"start":{"line":53,"column":8},"end":{"line":53,"column":28}},"11":{"start":{"line":55,"column":8},"end":{"line":55,"column":54}},"12":{"start":{"line":59,"column":8},"end":{"line":59,"column":82}},"13":{"start":{"line":61,"column":8},"end":{"line":61,"column":2122}},"14":{"start":{"line":62,"column":12},"end":{"line":62,"column":56}},"15":{"start":{"line":63,"column":12},"end":{"line":63,"column":2239}},"16":{"start":{"line":67,"column":12},"end":{"line":67,"column":34}},"17":{"start":{"line":69,"column":12},"end":{"line":69,"column":71}},"18":{"start":{"line":74,"column":8},"end":{"line":74,"column":47}},"19":{"start":{"line":75,"column":8},"end":{"line":75,"column":62}},"20":{"start":{"line":81,"column":8},"end":{"line":81,"column":38}},"21":{"start":{"line":82,"column":8},"end":{"line":82,"column":44}},"22":{"start":{"line":83,"column":8},"end":{"line":83,"column":63}},"23":{"start":{"line":85,"column":8},"end":{"line":85,"column":54}},"24":{"start":{"line":86,"column":8},"end":{"line":86,"column":89}},"25":{"start":{"line":87,"column":8},"end":{"line":87,"column":49}},"26":{"start":{"line":88,"column":8},"end":{"line":88,"column":30}}},"branchMap":{"1":{"line":34,"type":"if","locations":[{"start":{"line":34,"column":8},"end":{"line":34,"column":8}},{"start":{"line":34,"column":8},"end":{"line":34,"column":8}}]},"2":{"line":44,"type":"if","locations":[{"start":{"line":44,"column":8},"end":{"line":44,"column":8}},{"start":{"line":44,"column":8},"end":{"line":44,"column":8}}]},"3":{"line":47,"type":"if","locations":[{"start":{"line":47,"column":8},"end":{"line":47,"column":8}},{"start":{"line":47,"column":8},"end":{"line":47,"column":8}}]},"4":{"line":59,"type":"if","locations":[{"start":{"line":59,"column":8},"end":{"line":59,"column":8}},{"start":{"line":59,"column":8},"end":{"line":59,"column":8}}]},"5":{"line":63,"type":"if","locations":[{"start":{"line":63,"column":12},"end":{"line":63,"column":12}},{"start":{"line":63,"column":12},"end":{"line":63,"column":12}}]},"6":{"line":81,"type":"if","locations":[{"start":{"line":81,"column":8},"end":{"line":81,"column":8}},{"start":{"line":81,"column":8},"end":{"line":81,"column":8}}]},"7":{"line":82,"type":"if","locations":[{"start":{"line":82,"column":8},"end":{"line":82,"column":8}},{"start":{"line":82,"column":8},"end":{"line":82,"column":8}}]},"8":{"line":83,"type":"if","locations":[{"start":{"line":83,"column":8},"end":{"line":83,"column":8}},{"start":{"line":83,"column":8},"end":{"line":83,"column":8}}]}}},"contracts/ERC20WithBlackList.sol":{"l":{"10":2,"14":1,"18":5,"19":3,"20":1},"path":"/Users/et/Work/jmcx/sealsc/github/smart-contracts/solidity-contracts/parameterized-erc20/contracts/ERC20WithBlackList.sol","s":{"1":2,"2":1,"3":5,"4":3,"5":1},"b":{"1":[3,2],"2":[1,2]},"f":{"1":2,"2":1,"3":5},"fnMap":{"1":{"name":"addToBlackList","line":9,"loc":{"start":{"line":9,"column":4},"end":{"line":11,"column":4}}},"2":{"name":"removeFromBlackList","line":13,"loc":{"start":{"line":13,"column":4},"end":{"line":15,"column":4}}},"3":{"name":"_transfer","line":17,"loc":{"start":{"line":17,"column":4},"end":{"line":21,"column":4}}}},"statementMap":{"1":{"start":{"line":10,"column":8},"end":{"line":10,"column":30}},"2":{"start":{"line":14,"column":8},"end":{"line":14,"column":31}},"3":{"start":{"line":18,"column":8},"end":{"line":18,"column":60}},"4":{"start":{"line":19,"column":8},"end":{"line":19,"column":66}},"5":{"start":{"line":20,"column":8},"end":{"line":20,"column":49}}},"branchMap":{"1":{"line":18,"type":"if","locations":[{"start":{"line":18,"column":8},"end":{"line":18,"column":8}},{"start":{"line":18,"column":8},"end":{"line":18,"column":8}}]},"2":{"line":19,"type":"if","locations":[{"start":{"line":19,"column":8},"end":{"line":19,"column":8}},{"start":{"line":19,"column":8},"end":{"line":19,"column":8}}]}}},"contracts/ParameterizedERC20.sol":{"l":{"19":4,"20":2,"21":2,"25":5},"path":"/Users/et/Work/jmcx/sealsc/github/smart-contracts/solidity-contracts/parameterized-erc20/contracts/ParameterizedERC20.sol","s":{"1":4,"2":2,"3":2,"4":5},"b":{"1":[2,2]},"f":{"1":4,"2":5},"fnMap":{"1":{"name":"constructor","line":18,"loc":{"start":{"line":11,"column":4},"end":{"line":22,"column":4}}},"2":{"name":"_transfer","line":24,"loc":{"start":{"line":24,"column":4},"end":{"line":26,"column":4}}}},"statementMap":{"1":{"start":{"line":19,"column":8},"end":{"line":19,"column":38}},"2":{"start":{"line":20,"column":8},"end":{"line":20,"column":25}},"3":{"start":{"line":21,"column":8},"end":{"line":21,"column":33}},"4":{"start":{"line":25,"column":8},"end":{"line":25,"column":62}}},"branchMap":{"1":{"line":19,"type":"if","locations":[{"start":{"line":19,"column":8},"end":{"line":19,"column":8}},{"start":{"line":19,"column":8},"end":{"line":19,"column":8}}]}}}}