{"contracts/StakingMining.sol":{"l":{"42":1,"46":1,"48":1,"58":5,"59":3,"61":1,"62":1,"64":1,"68":6,"69":4,"71":2,"73":2,"75":2,"76":2,"78":2,"82":6,"83":6,"84":6,"86":6,"87":6,"89":6,"90":3,"91":3,"95":6,"97":4,"99":4,"100":4,"102":4,"103":2,"105":2,"106":2,"109":4,"113":3},"path":"/Users/et/Work/jmcx/sealsc/github/smart-contracts/solidity-contracts/staking-mining/contracts/StakingMining.sol","s":{"1":1,"2":1,"3":1,"4":5,"5":3,"6":1,"7":1,"8":1,"9":6,"10":4,"11":2,"12":2,"13":2,"14":2,"15":2,"16":6,"17":6,"18":6,"19":6,"20":6,"21":6,"22":3,"23":3,"24":6,"25":4,"26":4,"27":4,"28":4,"29":2,"30":2,"31":2,"32":4,"33":3},"b":{"1":[3,2],"2":[1,2],"3":[4,2],"4":[2,2],"5":[6,0],"6":[3,3],"7":[3,0],"8":[4,2],"9":[2,2]},"f":{"1":1,"2":1,"3":5,"4":6,"5":6,"6":3},"fnMap":{"1":{"name":"constructor","line":41,"loc":{"start":{"line":41,"column":4},"end":{"line":43,"column":4}}},"2":{"name":"createPool","line":45,"loc":{"start":{"line":45,"column":4},"end":{"line":55,"column":4}}},"3":{"name":"closePool","line":57,"loc":{"start":{"line":57,"column":4},"end":{"line":65,"column":4}}},"4":{"name":"stake","line":67,"loc":{"start":{"line":67,"column":4},"end":{"line":79,"column":4}}},"5":{"name":"collect","line":81,"loc":{"start":{"line":81,"column":4},"end":{"line":110,"column":4}}},"6":{"name":"poolCount","line":112,"loc":{"start":{"line":112,"column":4},"end":{"line":114,"column":4}}}},"statementMap":{"1":{"start":{"line":42,"column":8},"end":{"line":42,"column":41}},"2":{"start":{"line":46,"column":8},"end":{"line":46,"column":71}},"3":{"start":{"line":48,"column":8},"end":{"line":48,"column":1580}},"4":{"start":{"line":58,"column":8},"end":{"line":58,"column":56}},"5":{"start":{"line":59,"column":8},"end":{"line":59,"column":60}},"6":{"start":{"line":61,"column":8},"end":{"line":61,"column":48}},"7":{"start":{"line":62,"column":8},"end":{"line":62,"column":39}},"8":{"start":{"line":64,"column":8},"end":{"line":64,"column":46}},"9":{"start":{"line":68,"column":8},"end":{"line":68,"column":56}},"10":{"start":{"line":69,"column":8},"end":{"line":69,"column":60}},"11":{"start":{"line":71,"column":8},"end":{"line":71,"column":70}},"12":{"start":{"line":73,"column":8},"end":{"line":73,"column":27}},"13":{"start":{"line":75,"column":8},"end":{"line":75,"column":87}},"14":{"start":{"line":76,"column":8},"end":{"line":76,"column":66}},"15":{"start":{"line":78,"column":8},"end":{"line":78,"column":50}},"16":{"start":{"line":82,"column":8},"end":{"line":82,"column":58}},"17":{"start":{"line":83,"column":8},"end":{"line":83,"column":33}},"18":{"start":{"line":84,"column":8},"end":{"line":84,"column":64}},"19":{"start":{"line":86,"column":8},"end":{"line":86,"column":62}},"20":{"start":{"line":87,"column":8},"end":{"line":87,"column":43}},"21":{"start":{"line":89,"column":8},"end":{"line":89,"column":2972}},"22":{"start":{"line":90,"column":12},"end":{"line":90,"column":3020}},"23":{"start":{"line":91,"column":16},"end":{"line":91,"column":56}},"24":{"start":{"line":95,"column":8},"end":{"line":95,"column":68}},"25":{"start":{"line":97,"column":8},"end":{"line":97,"column":150}},"26":{"start":{"line":99,"column":8},"end":{"line":99,"column":51}},"27":{"start":{"line":100,"column":8},"end":{"line":100,"column":50}},"28":{"start":{"line":102,"column":8},"end":{"line":102,"column":3488}},"29":{"start":{"line":103,"column":12},"end":{"line":103,"column":62}},"30":{"start":{"line":105,"column":12},"end":{"line":105,"column":82}},"31":{"start":{"line":106,"column":12},"end":{"line":106,"column":38}},"32":{"start":{"line":109,"column":8},"end":{"line":109,"column":49}},"33":{"start":{"line":113,"column":8},"end":{"line":113,"column":30}}},"branchMap":{"1":{"line":58,"type":"if","locations":[{"start":{"line":58,"column":8},"end":{"line":58,"column":8}},{"start":{"line":58,"column":8},"end":{"line":58,"column":8}}]},"2":{"line":59,"type":"if","locations":[{"start":{"line":59,"column":8},"end":{"line":59,"column":8}},{"start":{"line":59,"column":8},"end":{"line":59,"column":8}}]},"3":{"line":68,"type":"if","locations":[{"start":{"line":68,"column":8},"end":{"line":68,"column":8}},{"start":{"line":68,"column":8},"end":{"line":68,"column":8}}]},"4":{"line":69,"type":"if","locations":[{"start":{"line":69,"column":8},"end":{"line":69,"column":8}},{"start":{"line":69,"column":8},"end":{"line":69,"column":8}}]},"5":{"line":82,"type":"if","locations":[{"start":{"line":82,"column":8},"end":{"line":82,"column":8}},{"start":{"line":82,"column":8},"end":{"line":82,"column":8}}]},"6":{"line":89,"type":"if","locations":[{"start":{"line":89,"column":8},"end":{"line":89,"column":8}},{"start":{"line":89,"column":8},"end":{"line":89,"column":8}}]},"7":{"line":90,"type":"if","locations":[{"start":{"line":90,"column":12},"end":{"line":90,"column":12}},{"start":{"line":90,"column":12},"end":{"line":90,"column":12}}]},"8":{"line":95,"type":"if","locations":[{"start":{"line":95,"column":8},"end":{"line":95,"column":8}},{"start":{"line":95,"column":8},"end":{"line":95,"column":8}}]},"9":{"line":102,"type":"if","locations":[{"start":{"line":102,"column":8},"end":{"line":102,"column":8}},{"start":{"line":102,"column":8},"end":{"line":102,"column":8}}]}}}}